0 info it worked if it ends with ok
1 verbose cli [ '/home/pcting/bin/node', '/home/pcting/bin/npm', 'install' ]
2 info using npm@1.4.28
3 info using node@v0.10.33
4 verbose node symlink /home/pcting/bin/node
5 verbose readDependencies using package.json deps
6 verbose install where, deps [ '/home/pcting/code/videojs-vast-plugin',
6 verbose install   [ 'videojs-contrib-ads',
6 verbose install     'videojs',
6 verbose install     'chai',
6 verbose install     'chai-as-promised',
6 verbose install     'colors',
6 verbose install     'grunt',
6 verbose install     'grunt-concurrent',
6 verbose install     'grunt-connect',
6 verbose install     'grunt-contrib-connect',
6 verbose install     'grunt-contrib-jasmine',
6 verbose install     'grunt-contrib-jshint',
6 verbose install     'grunt-contrib-watch',
6 verbose install     'grunt-env',
6 verbose install     'grunt-simple-mocha',
6 verbose install     'karma',
6 verbose install     'grunt-karma',
6 verbose install     'karma-coverage',
6 verbose install     'karma-jasmine',
6 verbose install     'karma-sauce-launcher',
6 verbose install     'karma-phantomjs-launcher',
6 verbose install     'grunt-karma-coveralls',
6 verbose install     'lodash',
6 verbose install     'wd' ] ]
7 info preinstall videojs-vast-plugin@0.2.1
8 warn package.json karma-sauce-launcher@0.2.10 No README data
9 verbose readDependencies using package.json deps
10 verbose already installed skipping videojs-contrib-ads@^0.4.0 /home/pcting/code/videojs-vast-plugin
11 verbose cache add [ 'videojs@^4.5.0', null ]
12 verbose cache add name=undefined spec="videojs@^4.5.0" args=["videojs@^4.5.0",null]
13 verbose parsed url { protocol: null,
13 verbose parsed url   slashes: null,
13 verbose parsed url   auth: null,
13 verbose parsed url   host: null,
13 verbose parsed url   port: null,
13 verbose parsed url   hostname: null,
13 verbose parsed url   hash: null,
13 verbose parsed url   search: null,
13 verbose parsed url   query: null,
13 verbose parsed url   pathname: 'videojs@^4.5.0',
13 verbose parsed url   path: 'videojs@^4.5.0',
13 verbose parsed url   href: 'videojs@^4.5.0' }
14 verbose already installed skipping chai@~1.9.0 /home/pcting/code/videojs-vast-plugin
15 verbose already installed skipping chai-as-promised@~4.1.1 /home/pcting/code/videojs-vast-plugin
16 verbose already installed skipping colors@~0.6.2 /home/pcting/code/videojs-vast-plugin
17 verbose already installed skipping grunt@~0.4.2 /home/pcting/code/videojs-vast-plugin
18 verbose cache add name="videojs" spec="^4.5.0" args=["videojs","^4.5.0"]
19 verbose parsed url { protocol: null,
19 verbose parsed url   slashes: null,
19 verbose parsed url   auth: null,
19 verbose parsed url   host: null,
19 verbose parsed url   port: null,
19 verbose parsed url   hostname: null,
19 verbose parsed url   hash: null,
19 verbose parsed url   search: null,
19 verbose parsed url   query: null,
19 verbose parsed url   pathname: '^4.5.0',
19 verbose parsed url   path: '^4.5.0',
19 verbose parsed url   href: '^4.5.0' }
20 verbose addNamed [ 'videojs', '^4.5.0' ]
21 verbose addNamed [ null, '>=4.5.0-0 <5.0.0-0' ]
22 verbose already installed skipping grunt-concurrent@~0.5.0 /home/pcting/code/videojs-vast-plugin
23 silly lockFile d4998ea3-videojs-4-5-0 videojs@^4.5.0
24 verbose lock videojs@^4.5.0 /home/pcting/.npm/d4998ea3-videojs-4-5-0.lock
25 silly addNameRange { name: 'videojs', range: '>=4.5.0-0 <5.0.0-0', hasData: false }
26 verbose already installed skipping grunt-connect@^0.2.0 /home/pcting/code/videojs-vast-plugin
27 verbose already installed skipping grunt-contrib-connect@^0.8.0 /home/pcting/code/videojs-vast-plugin
28 verbose request where is /videojs
29 verbose request registry https://registry.npmjs.org/
30 verbose request id 827533c497122a45
31 verbose url raw /videojs
32 verbose url resolving [ 'https://registry.npmjs.org/', './videojs' ]
33 verbose url resolved https://registry.npmjs.org/videojs
34 verbose request where is https://registry.npmjs.org/videojs
35 info trying registry request attempt 1 at 14:21:04
36 http GET https://registry.npmjs.org/videojs
37 verbose already installed skipping grunt-contrib-jasmine@~0.8.0 /home/pcting/code/videojs-vast-plugin
38 verbose already installed skipping grunt-contrib-jshint@~0.11.0 /home/pcting/code/videojs-vast-plugin
39 verbose already installed skipping grunt-contrib-watch@~0.5.3 /home/pcting/code/videojs-vast-plugin
40 verbose already installed skipping grunt-env@~0.4.1 /home/pcting/code/videojs-vast-plugin
41 verbose already installed skipping grunt-simple-mocha@~0.4.0 /home/pcting/code/videojs-vast-plugin
42 verbose already installed skipping karma@^0.12.24 /home/pcting/code/videojs-vast-plugin
43 verbose already installed skipping grunt-karma@~0.10.0 /home/pcting/code/videojs-vast-plugin
44 verbose already installed skipping karma-coverage@~0.2.5 /home/pcting/code/videojs-vast-plugin
45 verbose already installed skipping karma-jasmine@~0.2.0 /home/pcting/code/videojs-vast-plugin
46 verbose already installed skipping karma-sauce-launcher@~0.2.10 /home/pcting/code/videojs-vast-plugin
47 verbose already installed skipping karma-phantomjs-launcher@~0.1.4 /home/pcting/code/videojs-vast-plugin
48 verbose already installed skipping grunt-karma-coveralls@2.5.1 /home/pcting/code/videojs-vast-plugin
49 verbose already installed skipping lodash@~2.4.1 /home/pcting/code/videojs-vast-plugin
50 verbose already installed skipping wd@~0.2.12 /home/pcting/code/videojs-vast-plugin
51 http 404 https://registry.npmjs.org/videojs
52 silly registry.get cb [ 404,
52 silly registry.get   { date: 'Tue, 10 Feb 2015 22:21:04 GMT',
52 silly registry.get     server: 'CouchDB/1.5.0 (Erlang OTP/R16B03)',
52 silly registry.get     etag: '"6MY9DE6UUFH2OQKL8Z4NC0HFI"',
52 silly registry.get     'content-type': 'application/json',
52 silly registry.get     'cache-control': 'max-age=0',
52 silly registry.get     'content-length': '315',
52 silly registry.get     'accept-ranges': 'bytes',
52 silly registry.get     via: '1.1 varnish',
52 silly registry.get     age: '0',
52 silly registry.get     'x-served-by': 'cache-sjc3121-SJC',
52 silly registry.get     'x-cache': 'MISS',
52 silly registry.get     'x-cache-hits': '0',
52 silly registry.get     'x-timer': 'S1423606864.574177,VS0,VE35',
52 silly registry.get     vary: 'Accept',
52 silly registry.get     'keep-alive': 'timeout=10, max=50',
52 silly registry.get     connection: 'Keep-Alive' } ]
53 silly lockFile d4998ea3-videojs-4-5-0 videojs@^4.5.0
54 silly lockFile d4998ea3-videojs-4-5-0 videojs@^4.5.0
55 error 404 Not Found
55 error 404
55 error 404 'videojs' is not in the npm registry.
55 error 404 You should bug the author to publish it
55 error 404 It was specified as a dependency of 'videojs-vast-plugin'
55 error 404
55 error 404 Note that you can also install from a
55 error 404 tarball, folder, or http url, or git url.
56 error System Linux 3.13.0-45-generic
57 error command "/home/pcting/bin/node" "/home/pcting/bin/npm" "install"
58 error cwd /home/pcting/code/videojs-vast-plugin
59 error node -v v0.10.33
60 error npm -v 1.4.28
61 error code E404
62 verbose exit [ 1, true ]
